<?xml version="1.0" encoding="UTF-8"?>
<testng-results skipped="0" failed="0" ignored="0" total="1" passed="1">
  <reporter-output>
  </reporter-output>
  <suite name="Default suite" duration-ms="27294" started-at="2019-01-09T17:11:29Z" finished-at="2019-01-09T17:11:56Z">
    <groups>
    </groups>
    <test name="Default test" duration-ms="27294" started-at="2019-01-09T17:11:29Z" finished-at="2019-01-09T17:11:56Z">
      <class name="classPractice.ClickLogin">
        <test-method status="PASS" signature="login()[pri:0, instance:classPractice.ClickLogin@1d8d30f7]" name="login" duration-ms="27226" started-at="2019-01-09T17:11:29Z" finished-at="2019-01-09T17:11:56Z">
          <reporter-output>
          </reporter-output>
        </test-method> <!-- login -->
      </class> <!-- classPractice.ClickLogin -->
    </test> <!-- Default test -->
  </suite> <!-- Default suite -->
</testng-results>
